<?xml version="1.0" encoding="UTF-8"?>
<!-- Generated by org.testng.reporters.JUnitReportReporter -->
<testsuite hostname="CH-KYYBALP-67" failures="0" tests="1" name="testCases.CreatePortfolioTest" time="169.166" errors="0" timestamp="2024-08-19T12:21:51 IST" skipped="0">
  <testcase classname="testCases.CreatePortfolioTest" name="CreatePortfolioTest" time="169.166"/>
</testsuite> <!-- testCases.CreatePortfolioTest -->
