<?xml version="1.0" encoding="UTF-8"?>
<!-- Generated by org.testng.reporters.JUnitReportReporter -->
<testsuite hostname="CH-KYYBALP-67" failures="0" tests="2" name="testcasesrediffPortfolio.ManageStocksTest" time="0.002" errors="0" timestamp="2024-08-20T16:40:37 IST" skipped="0">
  <testcase classname="testcasesrediffPortfolio.ManageStocksTest" name="addStockTest" time="0.001"/>
  <testcase classname="testcasesrediffPortfolio.ManageStocksTest" name="modifyStockTest" time="0.001"/>
</testsuite> <!-- testcasesrediffPortfolio.ManageStocksTest -->
