<?xml version="1.0" encoding="UTF-8"?>
<!-- Generated by org.testng.reporters.JUnitReportReporter -->
<testsuite hostname="CH-KYYBALP-67" failures="0" tests="2" name="testcasesrediffPortfolio.ManageSessionTest" time="0.013" errors="0" timestamp="2024-08-20T16:40:37 IST" skipped="0">
  <testcase classname="testcasesrediffPortfolio.ManageSessionTest" name="doLogout" time="0.001"/>
  <testcase classname="testcasesrediffPortfolio.ManageSessionTest" name="doLogin" time="0.012"/>
</testsuite> <!-- testcasesrediffPortfolio.ManageSessionTest -->
